<?xml version="1.0" encoding="UTF-8"?>
<!-- Generated by org.testng.reporters.JUnitReportReporter -->
<testsuite hostname="DESKTOP-DDBIC8B" failures="0" tests="10" name="com.mindtree.runner.runnerClass" time="118.385" errors="0" timestamp="2022-01-17T06:37:03 PST" skipped="0">
  <testcase classname="com.mindtree.runner.runnerClass" name="validateTitle" time="0.899"/>
  <testcase classname="com.mindtree.runner.runnerClass" name="LogIn" time="13.698"/>
  <testcase classname="com.mindtree.runner.runnerClass" name="Search" time="17.342"/>
  <testcase classname="com.mindtree.runner.runnerClass" name="Round" time="7.054"/>
  <testcase classname="com.mindtree.runner.runnerClass" name="LocalSearch" time="10.232"/>
  <testcase classname="com.mindtree.runner.runnerClass" name="AirSearch" time="15.692"/>
  <testcase classname="com.mindtree.runner.runnerClass" name="cropDetailSubmit" time="21.785"/>
  <testcase classname="com.mindtree.runner.runnerClass" name="Facebook" time="9.771"/>
  <testcase classname="com.mindtree.runner.runnerClass" name="PlaystoreVerify" time="17.187"/>
  <testcase classname="com.mindtree.runner.runnerClass" name="Signout" time="4.725"/>
</testsuite> <!-- com.mindtree.runner.runnerClass -->
